<?xml version="1.0" encoding="UTF-8"?>
<!-- Generated by org.testng.reporters.JUnitReportReporter -->
<testsuite hostname="DESKTOP-TCBCG20" failures="0" tests="4" name="TestNgLast.TestNGSelenium" time="8.205" errors="0" timestamp="2021-09-03T19:26:16 IST" skipped="0">
  <testcase classname="TestNgLast.TestNGSelenium" name="test" time="5.156"/>
  <system-out/>
  <testcase classname="TestNgLast.TestNGSelenium" name="launchGoogle" time="0.787"/>
  <system-out/>
  <testcase classname="TestNgLast.TestNGSelenium" name="peformSeachAndClick1stLink" time="1.823"/>
  <system-out/>
  <testcase classname="TestNgLast.TestNGSelenium" name="FaceBookPageTitleVerification" time="0.439"/>
  <system-out/>
</testsuite> <!-- TestNgLast.TestNGSelenium -->
